E:\whut\制作\excel解析器\Debug\xl文件载入解析.pdb
E:\WHUT\制作\XL文件载入解析\XL文件载入解析\DEBUG\ADXL.OBJ
E:\whut\制作\xl文件载入解析\xl文件载入解析\Debug\cl.command.1.tlog
E:\whut\制作\xl文件载入解析\xl文件载入解析\Debug\CL.read.1.tlog
E:\whut\制作\xl文件载入解析\xl文件载入解析\Debug\CL.write.1.tlog
E:\WHUT\制作\XL文件载入解析\XL文件载入解析\DEBUG\CONEX.OBJ
E:\WHUT\制作\XL文件载入解析\XL文件载入解析\DEBUG\DUMP_TO_STDOUT.OBJ
E:\WHUT\制作\XL文件载入解析\XL文件载入解析\DEBUG\EXCELQUERY.OBJ
E:\whut\制作\xl文件载入解析\xl文件载入解析\Debug\link.1204.read.1.tlog
E:\whut\制作\xl文件载入解析\xl文件载入解析\Debug\link.1204.write.1.tlog
E:\whut\制作\xl文件载入解析\xl文件载入解析\Debug\link.1208.read.1.tlog
E:\whut\制作\xl文件载入解析\xl文件载入解析\Debug\link.1208.write.1.tlog
E:\whut\制作\xl文件载入解析\xl文件载入解析\Debug\link.1208-cvtres.read.1.tlog
E:\whut\制作\xl文件载入解析\xl文件载入解析\Debug\link.1208-cvtres.write.1.tlog
E:\whut\制作\xl文件载入解析\xl文件载入解析\Debug\link.1268.read.1.tlog
E:\whut\制作\xl文件载入解析\xl文件载入解析\Debug\link.1268.write.1.tlog
E:\whut\制作\xl文件载入解析\xl文件载入解析\Debug\link.1268-cvtres.read.1.tlog
E:\whut\制作\xl文件载入解析\xl文件载入解析\Debug\link.1268-cvtres.write.1.tlog
E:\whut\制作\xl文件载入解析\xl文件载入解析\Debug\link.2152.read.1.tlog
E:\whut\制作\xl文件载入解析\xl文件载入解析\Debug\link.2152.write.1.tlog
E:\whut\制作\xl文件载入解析\xl文件载入解析\Debug\link.2152-cvtres.read.1.tlog
E:\whut\制作\xl文件载入解析\xl文件载入解析\Debug\link.2152-cvtres.write.1.tlog
E:\whut\制作\xl文件载入解析\xl文件载入解析\Debug\link.2880.read.1.tlog
E:\whut\制作\xl文件载入解析\xl文件载入解析\Debug\link.2880.write.1.tlog
E:\whut\制作\xl文件载入解析\xl文件载入解析\Debug\link.2880-cvtres.read.1.tlog
E:\whut\制作\xl文件载入解析\xl文件载入解析\Debug\link.2880-cvtres.write.1.tlog
E:\whut\制作\xl文件载入解析\xl文件载入解析\Debug\link.2904.read.1.tlog
E:\whut\制作\xl文件载入解析\xl文件载入解析\Debug\link.2904.write.1.tlog
E:\whut\制作\xl文件载入解析\xl文件载入解析\Debug\link.2904-cvtres.read.1.tlog
E:\whut\制作\xl文件载入解析\xl文件载入解析\Debug\link.2904-cvtres.write.1.tlog
E:\whut\制作\xl文件载入解析\xl文件载入解析\Debug\link.3240.read.1.tlog
E:\whut\制作\xl文件载入解析\xl文件载入解析\Debug\link.3240.write.1.tlog
E:\whut\制作\xl文件载入解析\xl文件载入解析\Debug\link.3240-cvtres.read.1.tlog
E:\whut\制作\xl文件载入解析\xl文件载入解析\Debug\link.3240-cvtres.write.1.tlog
E:\whut\制作\xl文件载入解析\xl文件载入解析\Debug\link.3396.read.1.tlog
E:\whut\制作\xl文件载入解析\xl文件载入解析\Debug\link.3396.write.1.tlog
E:\whut\制作\xl文件载入解析\xl文件载入解析\Debug\link.3396-cvtres.read.1.tlog
E:\whut\制作\xl文件载入解析\xl文件载入解析\Debug\link.3396-cvtres.write.1.tlog
E:\whut\制作\xl文件载入解析\xl文件载入解析\Debug\link.3460.read.1.tlog
E:\whut\制作\xl文件载入解析\xl文件载入解析\Debug\link.3460.write.1.tlog
E:\whut\制作\xl文件载入解析\xl文件载入解析\Debug\link.3460-cvtres.read.1.tlog
E:\whut\制作\xl文件载入解析\xl文件载入解析\Debug\link.3460-cvtres.write.1.tlog
E:\whut\制作\xl文件载入解析\xl文件载入解析\Debug\link.3948.read.1.tlog
E:\whut\制作\xl文件载入解析\xl文件载入解析\Debug\link.3948.write.1.tlog
E:\whut\制作\xl文件载入解析\xl文件载入解析\Debug\link.3948-cvtres.read.1.tlog
E:\whut\制作\xl文件载入解析\xl文件载入解析\Debug\link.3948-cvtres.write.1.tlog
E:\whut\制作\xl文件载入解析\xl文件载入解析\Debug\link.4568.read.1.tlog
E:\whut\制作\xl文件载入解析\xl文件载入解析\Debug\link.4568.write.1.tlog
E:\whut\制作\xl文件载入解析\xl文件载入解析\Debug\link.4568-cvtres.read.1.tlog
E:\whut\制作\xl文件载入解析\xl文件载入解析\Debug\link.4568-cvtres.write.1.tlog
E:\whut\制作\xl文件载入解析\xl文件载入解析\Debug\link.4840.read.1.tlog
E:\whut\制作\xl文件载入解析\xl文件载入解析\Debug\link.4840.write.1.tlog
E:\whut\制作\xl文件载入解析\xl文件载入解析\Debug\link.4840-cvtres.read.1.tlog
E:\whut\制作\xl文件载入解析\xl文件载入解析\Debug\link.4840-cvtres.write.1.tlog
E:\whut\制作\xl文件载入解析\xl文件载入解析\Debug\link.4952.read.1.tlog
E:\whut\制作\xl文件载入解析\xl文件载入解析\Debug\link.4952.write.1.tlog
E:\whut\制作\xl文件载入解析\xl文件载入解析\Debug\link.4952-cvtres.read.1.tlog
E:\whut\制作\xl文件载入解析\xl文件载入解析\Debug\link.4952-cvtres.write.1.tlog
E:\whut\制作\xl文件载入解析\xl文件载入解析\Debug\link.5156.read.1.tlog
E:\whut\制作\xl文件载入解析\xl文件载入解析\Debug\link.5156.write.1.tlog
E:\whut\制作\xl文件载入解析\xl文件载入解析\Debug\link.5156-cvtres.read.1.tlog
E:\whut\制作\xl文件载入解析\xl文件载入解析\Debug\link.5156-cvtres.write.1.tlog
E:\whut\制作\xl文件载入解析\xl文件载入解析\Debug\link.5228.read.1.tlog
E:\whut\制作\xl文件载入解析\xl文件载入解析\Debug\link.5228.write.1.tlog
E:\whut\制作\xl文件载入解析\xl文件载入解析\Debug\link.5228-cvtres.read.1.tlog
E:\whut\制作\xl文件载入解析\xl文件载入解析\Debug\link.5228-cvtres.write.1.tlog
E:\whut\制作\xl文件载入解析\xl文件载入解析\Debug\link.5444.read.1.tlog
E:\whut\制作\xl文件载入解析\xl文件载入解析\Debug\link.5444.write.1.tlog
E:\whut\制作\xl文件载入解析\xl文件载入解析\Debug\link.5444-cvtres.read.1.tlog
E:\whut\制作\xl文件载入解析\xl文件载入解析\Debug\link.5444-cvtres.write.1.tlog
E:\whut\制作\xl文件载入解析\xl文件载入解析\Debug\link.5504.read.1.tlog
E:\whut\制作\xl文件载入解析\xl文件载入解析\Debug\link.5504.write.1.tlog
E:\whut\制作\xl文件载入解析\xl文件载入解析\Debug\link.5504-cvtres.read.1.tlog
E:\whut\制作\xl文件载入解析\xl文件载入解析\Debug\link.5504-cvtres.write.1.tlog
E:\whut\制作\xl文件载入解析\xl文件载入解析\Debug\link.5692.read.1.tlog
E:\whut\制作\xl文件载入解析\xl文件载入解析\Debug\link.5692.write.1.tlog
E:\whut\制作\xl文件载入解析\xl文件载入解析\Debug\link.5692-cvtres.read.1.tlog
E:\whut\制作\xl文件载入解析\xl文件载入解析\Debug\link.5692-cvtres.write.1.tlog
E:\whut\制作\xl文件载入解析\xl文件载入解析\Debug\link.5780.read.1.tlog
E:\whut\制作\xl文件载入解析\xl文件载入解析\Debug\link.5780.write.1.tlog
E:\whut\制作\xl文件载入解析\xl文件载入解析\Debug\link.5780-cvtres.read.1.tlog
E:\whut\制作\xl文件载入解析\xl文件载入解析\Debug\link.5780-cvtres.write.1.tlog
E:\whut\制作\xl文件载入解析\xl文件载入解析\Debug\link.5836.read.1.tlog
E:\whut\制作\xl文件载入解析\xl文件载入解析\Debug\link.5836.write.1.tlog
E:\whut\制作\xl文件载入解析\xl文件载入解析\Debug\link.5836-cvtres.read.1.tlog
E:\whut\制作\xl文件载入解析\xl文件载入解析\Debug\link.5836-cvtres.write.1.tlog
E:\whut\制作\xl文件载入解析\xl文件载入解析\Debug\link.5936.read.1.tlog
E:\whut\制作\xl文件载入解析\xl文件载入解析\Debug\link.5936.write.1.tlog
E:\whut\制作\xl文件载入解析\xl文件载入解析\Debug\link.5936-cvtres.read.1.tlog
E:\whut\制作\xl文件载入解析\xl文件载入解析\Debug\link.5936-cvtres.write.1.tlog
E:\whut\制作\xl文件载入解析\xl文件载入解析\Debug\link.5944.read.1.tlog
E:\whut\制作\xl文件载入解析\xl文件载入解析\Debug\link.5944.write.1.tlog
E:\whut\制作\xl文件载入解析\xl文件载入解析\Debug\link.5944-cvtres.read.1.tlog
E:\whut\制作\xl文件载入解析\xl文件载入解析\Debug\link.5944-cvtres.write.1.tlog
E:\whut\制作\xl文件载入解析\xl文件载入解析\Debug\link.6852.read.1.tlog
E:\whut\制作\xl文件载入解析\xl文件载入解析\Debug\link.6852.write.1.tlog
E:\whut\制作\xl文件载入解析\xl文件载入解析\Debug\link.6852-cvtres.read.1.tlog
E:\whut\制作\xl文件载入解析\xl文件载入解析\Debug\link.6852-cvtres.write.1.tlog
E:\whut\制作\xl文件载入解析\xl文件载入解析\Debug\link.7252.read.1.tlog
E:\whut\制作\xl文件载入解析\xl文件载入解析\Debug\link.7252.write.1.tlog
E:\whut\制作\xl文件载入解析\xl文件载入解析\Debug\link.7252-cvtres.read.1.tlog
E:\whut\制作\xl文件载入解析\xl文件载入解析\Debug\link.7252-cvtres.write.1.tlog
E:\whut\制作\xl文件载入解析\xl文件载入解析\Debug\link.7536.read.1.tlog
E:\whut\制作\xl文件载入解析\xl文件载入解析\Debug\link.7536.write.1.tlog
E:\whut\制作\xl文件载入解析\xl文件载入解析\Debug\link.7536-cvtres.read.1.tlog
E:\whut\制作\xl文件载入解析\xl文件载入解析\Debug\link.7536-cvtres.write.1.tlog
E:\whut\制作\xl文件载入解析\xl文件载入解析\Debug\link.7988.read.1.tlog
E:\whut\制作\xl文件载入解析\xl文件载入解析\Debug\link.7988.write.1.tlog
E:\whut\制作\xl文件载入解析\xl文件载入解析\Debug\link.7988-cvtres.read.1.tlog
E:\whut\制作\xl文件载入解析\xl文件载入解析\Debug\link.7988-cvtres.write.1.tlog
E:\whut\制作\xl文件载入解析\xl文件载入解析\Debug\link.8120.read.1.tlog
E:\whut\制作\xl文件载入解析\xl文件载入解析\Debug\link.8120.write.1.tlog
E:\whut\制作\xl文件载入解析\xl文件载入解析\Debug\link.8120-cvtres.read.1.tlog
E:\whut\制作\xl文件载入解析\xl文件载入解析\Debug\link.8120-cvtres.write.1.tlog
E:\whut\制作\xl文件载入解析\xl文件载入解析\Debug\link.command.1.tlog
E:\whut\制作\xl文件载入解析\xl文件载入解析\Debug\link.read.1.tlog
E:\whut\制作\xl文件载入解析\xl文件载入解析\Debug\link.write.1.tlog
E:\whut\制作\xl文件载入解析\xl文件载入解析\Debug\link-cvtres.read.1.tlog
E:\whut\制作\xl文件载入解析\xl文件载入解析\Debug\link-cvtres.write.1.tlog
E:\WHUT\制作\XL文件载入解析\XL文件载入解析\DEBUG\MAIN.OBJ
E:\WHUT\制作\XL文件载入解析\XL文件载入解析\DEBUG\MAIN2.OBJ
E:\whut\制作\xl文件载入解析\xl文件载入解析\Debug\mt.command.1.tlog
E:\whut\制作\xl文件载入解析\xl文件载入解析\Debug\mt.read.1.tlog
E:\whut\制作\xl文件载入解析\xl文件载入解析\Debug\mt.write.1.tlog
E:\whut\制作\xl文件载入解析\xl文件载入解析\Debug\rc.command.1.tlog
E:\whut\制作\xl文件载入解析\xl文件载入解析\Debug\rc.read.1.tlog
E:\whut\制作\xl文件载入解析\xl文件载入解析\Debug\rc.write.1.tlog
E:\WHUT\制作\XL文件载入解析\XL文件载入解析\DEBUG\TINYSTR.OBJ
E:\WHUT\制作\XL文件载入解析\XL文件载入解析\DEBUG\TINYXML.OBJ
E:\WHUT\制作\XL文件载入解析\XL文件载入解析\DEBUG\TINYXMLERROR.OBJ
E:\WHUT\制作\XL文件载入解析\XL文件载入解析\DEBUG\TINYXMLPARSER.OBJ
E:\whut\制作\xl文件载入解析\xl文件载入解析\Debug\vc100.idb
E:\WHUT\制作\XL文件载入解析\XL文件载入解析\DEBUG\VC100.PDB
E:\WHUT\制作\XL文件载入解析\XL文件载入解析\DEBUG\XLSTYLE.OBJ
E:\WHUT\制作\XL文件载入解析\XL文件载入解析\DEBUG\XL文件载入解析.EXE.EMBED.MANIFEST
E:\WHUT\制作\XL文件载入解析\XL文件载入解析\DEBUG\XL文件载入解析.EXE.EMBED.MANIFEST.RES
E:\whut\制作\xl文件载入解析\xl文件载入解析\Debug\xl文件载入解析.exe.intermediate.manifest
E:\whut\制作\xl文件载入解析\xl文件载入解析\Debug\xl文件载入解析.write.1.tlog
E:\whut\制作\xl文件载入解析\xl文件载入解析\Debug\xl文件载入解析_manifest.rc
E:\WHUT\制作\XL文件载入解析\XL文件载入解析\DEBUG\XMLSEL.OBJ
E:\WHUT\制作\XL文件载入解析\XL文件载入解析\DEBUG\测试项目.OBJ
