生成启动时间为 2014/8/20 16:06:39。
开始生成时的环境:
ALLUSERSPROFILE = C:\ProgramData
APPDATA = C:\Users\Administrator\AppData\Roaming
AVR32_HOME = C:\WinAVR-20100110
C51INC = C:\C51\INC
C51LIB = C:\C51\LIB
CLASSPATH = C:\eXist-db/exist.jar;C:\eXist-db/exist-modules.jar;C:\eXist-db/examples.jar ;C:\eXist-db/lib/core/xml-commons-resolver-1.1.jar;C:\eXist-db/lib/corelog4j-1.2.9.jar-1.2.9.jar;C:\eXist-db/lib/core/xmldb.jar;C:\eXist-db/lib/core/xmldb.jar;C:\eXist-db/lib/core/xmlrpc-1.2-patched.jar;C:\eXist-db/lib/core/xml-apis.jar;C:\eXist-db/lib/core/xml-commons-resolver-1.1.jar
CommonProgramFiles = C:\Program Files\Common Files
COMPUTERNAME = HL-20120811ZQTO
ComSpec = C:\Windows\system32\cmd.exe
EXIST_HOME = C:\eXist-db
FP_NO_HOST_CHECK = NO
GNUARM = C:\Program Files\GNU Tools ARM Embedded\4.7 2013q1\bin
HOMEDRIVE = C:
HOMEPATH = \Users\Administrator
include = C:\Program Files\Microsoft Visual Studio\VC98\atl\include;C:\Program Files\Microsoft Visual Studio\VC98\mfc\include;C:\Program Files\Microsoft Visual Studio\VC98\include;C:\Program Files\IAR Systems\Embedded Workbench 5.4\8051\inc;
JAVA_HOME = C:\Program Files\Java\jre7
KMP_DUPLICATE_LIB_OK = TRUE
lib = C:\Program Files\Microsoft Visual Studio\VC98\mfc\lib;C:\Program Files\Microsoft Visual Studio\VC98\lib
LOCALAPPDATA = C:\Users\Administrator\AppData\Local
LOGONSERVER = \\HL-20120811ZQTO
MKL_SERIAL = YES
MQX_PATH = E:\Freescale\Freescale_MQX_4_0
MQX_ROOT = E:\Freescale\Freescale_MQX_4_0
NUMBER_OF_PROCESSORS = 4
OS = Windows_NT
Path = C:\Program Files\Broadcom\Broadcom 802.11 Network Adapter;C:\Program Files\Intel\iCLS Client\;C:\Windows\system32;C:\Windows;C:\Windows\System32\Wbem;C:\Windows\System32\WindowsPowerShell\v1.0\;C:\Program Files\Common Files\Thunder Network\KanKan\Codecs;C:\Program Files\Intel\OpenCL SDK\2.0\bin\x86;C:\Program Files\Intel\Intel(R) Management Engine Components\DAL;C:\Program Files\Intel\Intel(R) Management Engine Components\IPT;C:\Program Files\Microsoft SQL Server\100\Tools\Binn\;C:\Program Files\Microsoft SQL Server\100\DTS\Binn\;C:\C51\BIN;C:\Program Files\Microsoft SQL Server\80\Tools\BINN;C:\Program Files\Microsoft SQL Server\90\Tools\binn\;c:\program files\gnuarm\bin;C:\yagarto-20121222\bin;C:\msys\1.0\home\Administrator\arm-none-eabi\bin;C:\msys\1.0\bin;E:\Program Files\SAS\SharedFiles\Formats;E:\matlab 2011b\runtime\win32;E:\matlab 2011b\bin;C:\Program Files\MacType;C:\Users\Administrator\AppData\Local\Android\android-sdk\tools;C:\Users\Administrator\AppData\Local\Android\android-sdk\platform-tools;C:\Program Files\QT Lite\QTSystem;C:\Program Files\doxygen\bin;C:\Program Files\Microsoft Visual Studio\Common\Tools\WinNT;C:\Program Files\Microsoft Visual Studio\Common\MSDev98\Bin;C:\Program Files\Microsoft Visual Studio\Common\Tools;C:\Program Files\Microsoft Visual Studio\VC98\bin;C:\Program Files\GNU Tools ARM Embedded\4.7 2013q1\bin
PATHEXT = .COM;.EXE;.BAT;.CMD;.VBS;.VBE;.JS;.JSE;.WSF;.WSH;.MSC
PROCESSOR_ARCHITECTURE = x86
PROCESSOR_IDENTIFIER = x86 Family 6 Model 42 Stepping 7, GenuineIntel
PROCESSOR_LEVEL = 6
PROCESSOR_REVISION = 2a07
ProgramData = C:\ProgramData
ProgramFiles = C:\Program Files
PSModulePath = C:\Windows\system32\WindowsPowerShell\v1.0\Modules\
PUBLIC = C:\Users\Public
SESSIONNAME = Console
SHIM_MCCOMPAT = 0x810000001
SystemDrive = C:
SystemRoot = C:\Windows
TEMP = C:\Users\ADMINI~1\AppData\Local\Temp
TKPATHIA32 = E:\Program Files\SAS\SharedFiles\ICU
TMP = C:\Users\ADMINI~1\AppData\Local\Temp
USERDOMAIN = HL-20120811ZQTO
USERNAME = Administrator
USERPROFILE = C:\Users\Administrator
VisualStudioDir = C:\Users\Administrator\Documents\Visual Studio 2010
VS100COMNTOOLS = C:\Program Files\Microsoft Visual Studio 10.0\Common7\Tools\
VS110COMNTOOLS = C:\Program Files\Microsoft Visual Studio 11.0\Common7\Tools\
windir = C:\Windows
windows_tracing_flags = 3
windows_tracing_logfile = C:\BVTBin\Tests\installpackage\csilogfile.log
XILINX_FOR_ALTIUM_OVERRIDE =  
_DFX_INSTALL_UNSIGNED_DRIVER = 1

     1>项目“E:\whut\制作\xl文件载入解析（这个才是改进版）\xl文件载入解析\xl文件载入解析.vcxproj”在节点 2 上(build 个目标)。
     1>InitializeBuildStatus:
         正在创建“Release\xl文件载入解析.unsuccessfulbuild”，因为已指定“AlwaysCreate”。
       ClCompile:
         所有输出均为最新。
       Link:
         所有输出均为最新。
         xl文件载入解析.vcxproj -> E:\whut\制作\xl文件载入解析（这个才是改进版）\Release\xl文件载入解析.exe
       FinalizeBuildStatus:
         正在删除文件“Release\xl文件载入解析.unsuccessfulbuild”。
         正在对“Release\xl文件载入解析.lastbuildstate”执行 Touch 任务。
     1>已完成生成项目“E:\whut\制作\xl文件载入解析（这个才是改进版）\xl文件载入解析\xl文件载入解析.vcxproj”(build 个目标)的操作。

生成成功。

已用时间 00:00:00.10
